<?xml version="1.0" encoding="UTF-8"?>
<!-- Generated by org.testng.reporters.JUnitReportReporter -->
<testsuite skipped="0" hostname="Maniek" name="tests.FailedLoginTests" tests="6" failures="0" timestamp="2020-10-26T17:40:04 CET" time="91.971" errors="0">
  <testcase name="asUserTryToLogInWithInvalidEmailAndPassword" time="15.415" classname="tests.FailedLoginTests"/>
  <testcase name="asUserTryToLogInWithEmptyEmailFieldAndPassword" time="15.837" classname="tests.FailedLoginTests"/>
  <testcase name="asUserTryToLogInWithEmptyEmailFieldAndEmptyPasswordField" time="15.169" classname="tests.FailedLoginTests"/>
  <testcase name="asUserTryToLogInWithCorrectLoginAndWrongPassword" time="14.910" classname="tests.FailedLoginTests"/>
  <testcase name="asUserTryToLogInWithCorrectLoginAndEmptyPasswordField" time="15.595" classname="tests.FailedLoginTests"/>
  <testcase name="asUserTryToLogInWithIncorrectLoginAndPassword" time="15.045" classname="tests.FailedLoginTests"/>
</testsuite> <!-- tests.FailedLoginTests -->
