<?xml version="1.0" encoding="UTF-8"?>
<!-- Generated by org.testng.reporters.JUnitReportReporter -->
<testsuite skipped="0" hostname="Maniek" name="tests.PositiveLoginTests" tests="2" failures="0" timestamp="2020-10-26T17:40:04 CET" time="33.468" errors="0">
  <testcase name="asUserLoginUsingValidLoginAndPassword" time="18.374" classname="tests.PositiveLoginTests"/>
  <testcase name="asUserLoginUsingValidLoginAndPassword" time="15.094" classname="tests.PositiveLoginTests"/>
</testsuite> <!-- tests.PositiveLoginTests -->
